Using pre-set license
Built from '2020.3/staging' branch; Version is '2020.3.30f1 (1fb1bf06830e) revision 2077119'; Using compiler version '192528614'; Build Type 'Release'
OS: 'Windows 10  (10.0.19044) 64bit Professional' Language: 'es' Physical Memory: 18305 MB
BatchMode: 1, IsHumanControllingUs: 0, StartBugReporterOnCrash: 0, Is64bit: 1, IsPro: 0

COMMAND LINE ARGUMENTS:
C:\Program Files\Unity\Hub\Editor\2020.3.30f1\Editor\Unity.exe
-adb2
-batchMode
-noUpm
-name
AssetImportWorker0
-projectPath
C:/Users/Franc/OneDrive/Documentos/GitHub/ArmaduraOxidada/ArmaduraOxidada
-logFile
Logs/AssetImportWorker0.log
-srvPort
59184
Successfully changed project path to: C:/Users/Franc/OneDrive/Documentos/GitHub/ArmaduraOxidada/ArmaduraOxidada
C:/Users/Franc/OneDrive/Documentos/GitHub/ArmaduraOxidada/ArmaduraOxidada
Using Asset Import Pipeline V2.
Refreshing native plugins compatible for Editor in 220.53 ms, found 2 plugins.
Preloading 0 native plugins for Editor in 0.00 ms.
Initialize engine version: 2020.3.30f1 (1fb1bf06830e)
[Subsystems] Discovering subsystems at path C:/Program Files/Unity/Hub/Editor/2020.3.30f1/Editor/Data/Resources/UnitySubsystems
[Subsystems] Discovering subsystems at path C:/Users/Franc/OneDrive/Documentos/GitHub/ArmaduraOxidada/ArmaduraOxidada/Assets
GfxDevice: creating device client; threaded=0
Direct3D:
    Version:  Direct3D 11.0 [level 11.1]
    Renderer: NVIDIA GeForce GTX 1050 (ID=0x1c91)
    Vendor:   
    VRAM:     2996 MB
    Driver:   30.0.14.9733
Initialize mono
Mono path[0] = 'C:/Program Files/Unity/Hub/Editor/2020.3.30f1/Editor/Data/Managed'
Mono path[1] = 'C:/Program Files/Unity/Hub/Editor/2020.3.30f1/Editor/Data/MonoBleedingEdge/lib/mono/unityjit'
Mono config path = 'C:/Program Files/Unity/Hub/Editor/2020.3.30f1/Editor/Data/MonoBleedingEdge/etc'
Using monoOptions --debugger-agent=transport=dt_socket,embedding=1,server=y,suspend=n,address=127.0.0.1:56856
Begin MonoManager ReloadAssembly
Registering precompiled unity dll's ...
Register platform support module: C:/Program Files/Unity/Hub/Editor/2020.3.30f1/Editor/Data/PlaybackEngines/WindowsStandaloneSupport/UnityEditor.WindowsStandalone.Extensions.dll
Registered in 0.002801 seconds.
Native extension for WindowsStandalone target not found
Refreshing native plugins compatible for Editor in 225.47 ms, found 2 plugins.
Preloading 0 native plugins for Editor in 0.00 ms.
Mono: successfully reloaded assembly
- Completed reload, in  1.057 seconds
Domain Reload Profiling:
	ReloadAssembly (1058ms)
		BeginReloadAssembly (103ms)
			ExecutionOrderSort (0ms)
			DisableScriptedObjects (0ms)
			BackupInstance (0ms)
			ReleaseScriptingObjects (0ms)
			CreateAndSetChildDomain (1ms)
		EndReloadAssembly (850ms)
			LoadAssemblies (99ms)
			RebuildTransferFunctionScriptingTraits (0ms)
			SetupTypeCache (228ms)
			ReleaseScriptCaches (0ms)
			RebuildScriptCaches (35ms)
			SetupLoadedEditorAssemblies (430ms)
				LogAssemblyErrors (0ms)
				InitializePlatformSupportModulesInManaged (5ms)
				SetLoadedEditorAssemblies (0ms)
				RefreshPlugins (226ms)
				BeforeProcessingInitializeOnLoad (25ms)
				ProcessInitializeOnLoadAttributes (124ms)
				ProcessInitializeOnLoadMethodAttributes (49ms)
				AfterProcessingInitializeOnLoad (0ms)
				EditorAssembliesLoaded (0ms)
			ExecutionOrderSort2 (0ms)
			AwakeInstancesAfterBackupRestoration (0ms)
Platform modules already initialized, skipping
Registering precompiled user dll's ...
Registered in 0.006858 seconds.
Begin MonoManager ReloadAssembly
Native extension for WindowsStandalone target not found
Refreshing native plugins compatible for Editor in 2.35 ms, found 2 plugins.
Preloading 0 native plugins for Editor in 0.00 ms.
Mono: successfully reloaded assembly
- Completed reload, in  1.488 seconds
Domain Reload Profiling:
	ReloadAssembly (1489ms)
		BeginReloadAssembly (225ms)
			ExecutionOrderSort (0ms)
			DisableScriptedObjects (7ms)
			BackupInstance (0ms)
			ReleaseScriptingObjects (0ms)
			CreateAndSetChildDomain (27ms)
		EndReloadAssembly (1174ms)
			LoadAssemblies (144ms)
			RebuildTransferFunctionScriptingTraits (0ms)
			SetupTypeCache (404ms)
			ReleaseScriptCaches (1ms)
			RebuildScriptCaches (67ms)
			SetupLoadedEditorAssemblies (441ms)
				LogAssemblyErrors (0ms)
				InitializePlatformSupportModulesInManaged (7ms)
				SetLoadedEditorAssemblies (1ms)
				RefreshPlugins (2ms)
				BeforeProcessingInitializeOnLoad (119ms)
				ProcessInitializeOnLoadAttributes (285ms)
				ProcessInitializeOnLoadMethodAttributes (15ms)
				AfterProcessingInitializeOnLoad (11ms)
				EditorAssembliesLoaded (0ms)
			ExecutionOrderSort2 (0ms)
			AwakeInstancesAfterBackupRestoration (10ms)
Platform modules already initialized, skipping
========================================================================
Worker process is ready to serve import requests
Launched and connected shader compiler UnityShaderCompiler.exe after 0.08 seconds
Refreshing native plugins compatible for Editor in 2.15 ms, found 2 plugins.
Preloading 0 native plugins for Editor in 0.00 ms.
Unloading 1553 Unused Serialized files (Serialized files now loaded: 0)
System memory in use before: 86.0 MB.
System memory in use after: 79.4 MB.

Unloading 34 unused Assets to reduce memory usage. Loaded Objects now: 1971.
Total: 9.593900 ms (FindLiveObjects: 0.201900 ms CreateObjectMapping: 0.045100 ms MarkObjects: 3.991500 ms  DeleteObjects: 5.353000 ms)

AssetImportParameters requested are different than current active one (requested -> active):
  custom:framework-win-MediaFoundation: 216162199b28c13a410421893ffa2e32 -> 
  custom:video-decoder-ogg-theora: a1e56fd34408186e4bbccfd4996cb3dc -> 
  custom:container-muxer-webm: aa71ff27fc2769a1b78a27578f13a17b -> 
  custom:container-demuxer-webm: 4f35f7cbe854078d1ac9338744f61a02 -> 
  custom:container-demuxer-ogg: 62fdf1f143b41e24485cea50d1cbac27 -> 
  custom:video-encoder-webm-vp8: eb34c28f22e8b96e1ab97ce403110664 -> 
  custom:video-decoder-webm-vp8: 9c59270c3fd7afecdb556c50c9e8de78 -> 
  custom:audio-decoder-ogg-vorbis: bf7c407c2cedff20999df2af8eb42d56 -> 
  custom:audio-encoder-webm-vorbis: bf7c407c2cedff20999df2af8eb42d56 -> 
========================================================================
Received Import Request.
  path: Assets/Everloop/Sound/Layers/Echoing_Guitar.wav
  artifactKey: Guid(5b5967c48f0d948728847833243aeaa9) Importer(815301076,1909f56bfc062723c751e8b465ee728b)
Start importing Assets/Everloop/Sound/Layers/Echoing_Guitar.wav using Guid(5b5967c48f0d948728847833243aeaa9) Importer(815301076,1909f56bfc062723c751e8b465ee728b)  -> (artifact id: '9f14449e4e0e1c949021a959010ae75f') in 0.222263 seconds 
========================================================================
Received Import Request.
  Time since last request: 0.000336 seconds.
  path: Assets/Everloop/Sound/Layers/Synth.wav
  artifactKey: Guid(4a4e9e4eb6c84b446b75a55d528105e1) Importer(815301076,1909f56bfc062723c751e8b465ee728b)
Start importing Assets/Everloop/Sound/Layers/Synth.wav using Guid(4a4e9e4eb6c84b446b75a55d528105e1) Importer(815301076,1909f56bfc062723c751e8b465ee728b)  -> (artifact id: 'b1b9f0ee2871601475bd2514538c0e32') in 0.026067 seconds 
========================================================================
Received Import Request.
  Time since last request: 0.000264 seconds.
  path: Assets/Everloop/Sound/Layers/Ambience.wav
  artifactKey: Guid(5e045df9d9797414c8035421f80c3e9e) Importer(815301076,1909f56bfc062723c751e8b465ee728b)
Start importing Assets/Everloop/Sound/Layers/Ambience.wav using Guid(5e045df9d9797414c8035421f80c3e9e) Importer(815301076,1909f56bfc062723c751e8b465ee728b)  -> (artifact id: 'e5b8f3d8a82239afa4337328ab04d796') in 0.019938 seconds 
========================================================================
Received Import Request.
  Time since last request: 0.000308 seconds.
  path: Assets/Everloop/Sound/Layers/Cruel_Attack.wav
  artifactKey: Guid(d4fb55551ef1c4e54a79c921bf18f0b0) Importer(815301076,1909f56bfc062723c751e8b465ee728b)
Start importing Assets/Everloop/Sound/Layers/Cruel_Attack.wav using Guid(d4fb55551ef1c4e54a79c921bf18f0b0) Importer(815301076,1909f56bfc062723c751e8b465ee728b)  -> (artifact id: '685c67b078470c8d3024a0b19958bdb8') in 0.019774 seconds 
========================================================================
Received Import Request.
  Time since last request: 0.000239 seconds.
  path: Assets/Everloop/Sound/Layers/Synth_Drone.wav
  artifactKey: Guid(be289e2953e0b49ff950eaa58a147151) Importer(815301076,1909f56bfc062723c751e8b465ee728b)
Start importing Assets/Everloop/Sound/Layers/Synth_Drone.wav using Guid(be289e2953e0b49ff950eaa58a147151) Importer(815301076,1909f56bfc062723c751e8b465ee728b)  -> (artifact id: '3264edb798f4afd3dba49c7a167d0460') in 0.018534 seconds 
========================================================================
Received Import Request.
  Time since last request: 0.000276 seconds.
  path: Assets/Everloop/Sound/Layers/Celesta.wav
  artifactKey: Guid(9e69267c682cefd47bbee1efa14d98b7) Importer(815301076,1909f56bfc062723c751e8b465ee728b)
Start importing Assets/Everloop/Sound/Layers/Celesta.wav using Guid(9e69267c682cefd47bbee1efa14d98b7) Importer(815301076,1909f56bfc062723c751e8b465ee728b)  -> (artifact id: 'be52e67fb86b30e9f95dc69ece488df5') in 0.019832 seconds 
========================================================================
Received Import Request.
  Time since last request: 0.000244 seconds.
  path: Assets/Everloop/Sound/Layers/Bass.wav
  artifactKey: Guid(c2f9f8744639965468101b6f1d7e88cf) Importer(815301076,1909f56bfc062723c751e8b465ee728b)
Start importing Assets/Everloop/Sound/Layers/Bass.wav using Guid(c2f9f8744639965468101b6f1d7e88cf) Importer(815301076,1909f56bfc062723c751e8b465ee728b)  -> (artifact id: 'cf2378a49b9eff118cbf0eb5f1078b9d') in 0.016774 seconds 
========================================================================
Received Import Request.
  Time since last request: 0.000261 seconds.
  path: Assets/Everloop/Sound/Layers/Clarinet.wav
  artifactKey: Guid(8b7e5cf335496dc4a9363792d0a0ecae) Importer(815301076,1909f56bfc062723c751e8b465ee728b)
Start importing Assets/Everloop/Sound/Layers/Clarinet.wav using Guid(8b7e5cf335496dc4a9363792d0a0ecae) Importer(815301076,1909f56bfc062723c751e8b465ee728b)  -> (artifact id: 'fb38eebc461c9598b56572b34d4f0613') in 0.017377 seconds 
========================================================================
Received Import Request.
  Time since last request: 0.000233 seconds.
  path: Assets/Everloop/Sound/Layers/Piano.wav
  artifactKey: Guid(a93c1feb49d7bd44fb89c2ccd3b453f0) Importer(815301076,1909f56bfc062723c751e8b465ee728b)
Start importing Assets/Everloop/Sound/Layers/Piano.wav using Guid(a93c1feb49d7bd44fb89c2ccd3b453f0) Importer(815301076,1909f56bfc062723c751e8b465ee728b)  -> (artifact id: '16f93f3ea0203ca4938c3990480870bb') in 0.019468 seconds 
========================================================================
Received Import Request.
  Time since last request: 0.000249 seconds.
  path: Assets/Everloop/Sound/Layers/Asian_Tribal_Rhythm.wav
  artifactKey: Guid(5b0c9f2f62f174d34bad86eba1ceed07) Importer(815301076,1909f56bfc062723c751e8b465ee728b)
Start importing Assets/Everloop/Sound/Layers/Asian_Tribal_Rhythm.wav using Guid(5b0c9f2f62f174d34bad86eba1ceed07) Importer(815301076,1909f56bfc062723c751e8b465ee728b)  -> (artifact id: '5f259bd73cc508d36a5d5846d9012297') in 0.017138 seconds 
========================================================================
Received Import Request.
  Time since last request: 0.000383 seconds.
  path: Assets/Everloop/Sound/Layers/Electric_Piano.wav
  artifactKey: Guid(ad0d5500fa6695d4283daa34d8ed644f) Importer(815301076,1909f56bfc062723c751e8b465ee728b)
Start importing Assets/Everloop/Sound/Layers/Electric_Piano.wav using Guid(ad0d5500fa6695d4283daa34d8ed644f) Importer(815301076,1909f56bfc062723c751e8b465ee728b)  -> (artifact id: '012dd2c8902d0e13a7ca3df6b1b9832b') in 0.016606 seconds 
========================================================================
Received Import Request.
  Time since last request: 0.000168 seconds.
  path: Assets/Everloop/Sound/Layers/Organ.wav
  artifactKey: Guid(ae10581d40e139f4186ddc03b5c4f063) Importer(815301076,1909f56bfc062723c751e8b465ee728b)
Start importing Assets/Everloop/Sound/Layers/Organ.wav using Guid(ae10581d40e139f4186ddc03b5c4f063) Importer(815301076,1909f56bfc062723c751e8b465ee728b)  -> (artifact id: 'f3d46f111fb6fa03c66bee9414b2f3ab') in 0.016961 seconds 
========================================================================
Received Import Request.
  Time since last request: 0.000248 seconds.
  path: Assets/Everloop/Sound/Layers/Gameboy.wav
  artifactKey: Guid(5adea8df3bd1e684f97a9ab0e950247a) Importer(815301076,1909f56bfc062723c751e8b465ee728b)
Start importing Assets/Everloop/Sound/Layers/Gameboy.wav using Guid(5adea8df3bd1e684f97a9ab0e950247a) Importer(815301076,1909f56bfc062723c751e8b465ee728b)  -> (artifact id: '1afa069ce83fed3b7e04f68a0452bcdc') in 0.016971 seconds 
========================================================================
Received Import Request.
  Time since last request: 0.000254 seconds.
  path: Assets/Everloop/Sound/Layers/Stuttering_Sweeps.wav
  artifactKey: Guid(fd0391d86c0c343d8804a24354cff002) Importer(815301076,1909f56bfc062723c751e8b465ee728b)
Start importing Assets/Everloop/Sound/Layers/Stuttering_Sweeps.wav using Guid(fd0391d86c0c343d8804a24354cff002) Importer(815301076,1909f56bfc062723c751e8b465ee728b)  -> (artifact id: 'd4e4e986996749328421bd65059ffbfe') in 0.018558 seconds 
========================================================================
Received Import Request.
  Time since last request: 0.000181 seconds.
  path: Assets/Everloop/Sound/Layers/Trumpet.wav
  artifactKey: Guid(425760b321d7ecd43b373e8a84dbfc24) Importer(815301076,1909f56bfc062723c751e8b465ee728b)
Start importing Assets/Everloop/Sound/Layers/Trumpet.wav using Guid(425760b321d7ecd43b373e8a84dbfc24) Importer(815301076,1909f56bfc062723c751e8b465ee728b)  -> (artifact id: '3c7d89b86293e00c4d24067f27a1ebf9') in 0.016203 seconds 
========================================================================
Received Import Request.
  Time since last request: 0.000288 seconds.
  path: Assets/Everloop/Sound/Layers/Synth_Bass.wav
  artifactKey: Guid(9ee131de95a42470eaa2b1cfb7234afa) Importer(815301076,1909f56bfc062723c751e8b465ee728b)
Start importing Assets/Everloop/Sound/Layers/Synth_Bass.wav using Guid(9ee131de95a42470eaa2b1cfb7234afa) Importer(815301076,1909f56bfc062723c751e8b465ee728b)  -> (artifact id: '4551aa0c6d59ec615c76cbe96fa70b49') in 0.016026 seconds 
========================================================================
Received Import Request.
  Time since last request: 0.000251 seconds.
  path: Assets/Everloop/Sound/Layers/Cinematic.wav
  artifactKey: Guid(7ab344b1bcd843a439108e1ba1f37be3) Importer(815301076,1909f56bfc062723c751e8b465ee728b)
Start importing Assets/Everloop/Sound/Layers/Cinematic.wav using Guid(7ab344b1bcd843a439108e1ba1f37be3) Importer(815301076,1909f56bfc062723c751e8b465ee728b)  -> (artifact id: '8230e3ba599c4d941dc217de5cfb0e97') in 0.015970 seconds 
========================================================================
Received Import Request.
  Time since last request: 0.000327 seconds.
  path: Assets/Everloop/Sound
  artifactKey: Guid(74d00aaf502436149a89b47055010ea5) Importer(815301076,1909f56bfc062723c751e8b465ee728b)
Start importing Assets/Everloop/Sound using Guid(74d00aaf502436149a89b47055010ea5) Importer(815301076,1909f56bfc062723c751e8b465ee728b)  -> (artifact id: '1f7e8f7343f9fb2428586aff950f00d3') in 0.008151 seconds 
========================================================================
Received Import Request.
  Time since last request: 0.000233 seconds.
  path: Assets/Everloop/Sound/Layers
  artifactKey: Guid(af91feb0021e92b4e82b6b2bdbe8a0fb) Importer(815301076,1909f56bfc062723c751e8b465ee728b)
Start importing Assets/Everloop/Sound/Layers using Guid(af91feb0021e92b4e82b6b2bdbe8a0fb) Importer(815301076,1909f56bfc062723c751e8b465ee728b)  -> (artifact id: '3b70bf6a424f21ee379628e5a5b9c91f') in 0.009218 seconds 
========================================================================
Received Import Request.
  Time since last request: 0.000275 seconds.
  path: Assets/Everloop/Sound/Layers/Viola.wav
  artifactKey: Guid(c75bf61242966f84d95e9a3f7577e093) Importer(815301076,1909f56bfc062723c751e8b465ee728b)
Start importing Assets/Everloop/Sound/Layers/Viola.wav using Guid(c75bf61242966f84d95e9a3f7577e093) Importer(815301076,1909f56bfc062723c751e8b465ee728b)  -> (artifact id: '5d140d47183e968a83dc95f4aaba6d38') in 0.015526 seconds 
========================================================================
Received Import Request.
  Time since last request: 7.998881 seconds.
  path: Assets/Everloop/Sound/SoundFX/sfx01.wav
  artifactKey: Guid(3951c8cac9137e247b763d1aaf0a381a) Importer(815301076,1909f56bfc062723c751e8b465ee728b)
Start importing Assets/Everloop/Sound/SoundFX/sfx01.wav using Guid(3951c8cac9137e247b763d1aaf0a381a) Importer(815301076,1909f56bfc062723c751e8b465ee728b)  -> (artifact id: '4ea179d6d1e270c679c8fb380b168d0f') in 0.020994 seconds 
========================================================================
Received Import Request.
  Time since last request: 0.000262 seconds.
  path: Assets/Everloop/Sound/SoundFX/sfx18.wav
  artifactKey: Guid(bbf0bff6fa5cae949a8b4d8b52df4513) Importer(815301076,1909f56bfc062723c751e8b465ee728b)
Start importing Assets/Everloop/Sound/SoundFX/sfx18.wav using Guid(bbf0bff6fa5cae949a8b4d8b52df4513) Importer(815301076,1909f56bfc062723c751e8b465ee728b)  -> (artifact id: '627aa3d347c705204af6c7bc211269ae') in 0.024091 seconds 
========================================================================
Received Import Request.
  Time since last request: 0.000319 seconds.
  path: Assets/Everloop/Sound/SoundFX/sfx08.wav
  artifactKey: Guid(cb921c6358f2a1c4f915e235bf65a6ce) Importer(815301076,1909f56bfc062723c751e8b465ee728b)
Start importing Assets/Everloop/Sound/SoundFX/sfx08.wav using Guid(cb921c6358f2a1c4f915e235bf65a6ce) Importer(815301076,1909f56bfc062723c751e8b465ee728b)  -> (artifact id: '7a95b930685b934ce80a61af50fa62c2') in 0.019600 seconds 
========================================================================
Received Import Request.
  Time since last request: 0.000331 seconds.
  path: Assets/Everloop/Sound/SoundFX/sfx16.wav
  artifactKey: Guid(847e1489dd665ff478846dce986e2a6f) Importer(815301076,1909f56bfc062723c751e8b465ee728b)
Start importing Assets/Everloop/Sound/SoundFX/sfx16.wav using Guid(847e1489dd665ff478846dce986e2a6f) Importer(815301076,1909f56bfc062723c751e8b465ee728b)  -> (artifact id: 'f2274122fc81c93baba9eede675fcdbb') in 0.031193 seconds 
========================================================================
Received Import Request.
  Time since last request: 0.000250 seconds.
  path: Assets/Everloop/Sound/SoundFX/sfx13.wav
  artifactKey: Guid(2606697ceaf34964e92457520f796b79) Importer(815301076,1909f56bfc062723c751e8b465ee728b)
Start importing Assets/Everloop/Sound/SoundFX/sfx13.wav using Guid(2606697ceaf34964e92457520f796b79) Importer(815301076,1909f56bfc062723c751e8b465ee728b)  -> (artifact id: 'f400620bc2686654121ce31dbd9fe882') in 0.019760 seconds 
========================================================================
Received Import Request.
  Time since last request: 0.000315 seconds.
  path: Assets/Everloop/Sound/SoundFX/sfx19.wav
  artifactKey: Guid(898edf7605536ae47a8276e25ad61039) Importer(815301076,1909f56bfc062723c751e8b465ee728b)
Start importing Assets/Everloop/Sound/SoundFX/sfx19.wav using Guid(898edf7605536ae47a8276e25ad61039) Importer(815301076,1909f56bfc062723c751e8b465ee728b)  -> (artifact id: '80fa897600ef1c866fd2ef366c2c6fa9') in 0.034923 seconds 
========================================================================
Received Import Request.
  Time since last request: 0.000210 seconds.
  path: Assets/Everloop/Sound/SoundFX/sfx12.wav
  artifactKey: Guid(5d151da963bb54942801c55d0a0fbd58) Importer(815301076,1909f56bfc062723c751e8b465ee728b)
Start importing Assets/Everloop/Sound/SoundFX/sfx12.wav using Guid(5d151da963bb54942801c55d0a0fbd58) Importer(815301076,1909f56bfc062723c751e8b465ee728b)  -> (artifact id: '9a28bff97619d9927d3c74561c87f286') in 0.040121 seconds 
========================================================================
Received Import Request.
  Time since last request: 0.000294 seconds.
  path: Assets/Everloop/Sound/SoundFX/sfx06.wav
  artifactKey: Guid(a7e607ee31ed9a647bb0f07d7da81ba6) Importer(815301076,1909f56bfc062723c751e8b465ee728b)
Start importing Assets/Everloop/Sound/SoundFX/sfx06.wav using Guid(a7e607ee31ed9a647bb0f07d7da81ba6) Importer(815301076,1909f56bfc062723c751e8b465ee728b)  -> (artifact id: 'b86d69044e02466a11c873397d17c421') in 0.018845 seconds 
========================================================================
Received Import Request.
  Time since last request: 0.000274 seconds.
  path: Assets/Everloop/Sound/SoundFX/sfx14.wav
  artifactKey: Guid(a0a0e318f9cb7074d803920cb055ada6) Importer(815301076,1909f56bfc062723c751e8b465ee728b)
Start importing Assets/Everloop/Sound/SoundFX/sfx14.wav using Guid(a0a0e318f9cb7074d803920cb055ada6) Importer(815301076,1909f56bfc062723c751e8b465ee728b)  -> (artifact id: 'd46c6114294283f4410bf227d63c71b4') in 0.016546 seconds 
========================================================================
Received Import Request.
  Time since last request: 0.000294 seconds.
  path: Assets/Everloop/Sound/SoundFX/sfx20.wav
  artifactKey: Guid(55dbe1f0a87b7ab4ea50920ceb25716f) Importer(815301076,1909f56bfc062723c751e8b465ee728b)
Start importing Assets/Everloop/Sound/SoundFX/sfx20.wav using Guid(55dbe1f0a87b7ab4ea50920ceb25716f) Importer(815301076,1909f56bfc062723c751e8b465ee728b)  -> (artifact id: '3284ef2e7cf9050fc03ea94a96652f6c') in 0.016169 seconds 
========================================================================
Received Import Request.
  Time since last request: 0.000265 seconds.
  path: Assets/Everloop/Sound/SoundFX/sfx17.wav
  artifactKey: Guid(e34ce5860456d0c4593b8d7d1107d255) Importer(815301076,1909f56bfc062723c751e8b465ee728b)
Start importing Assets/Everloop/Sound/SoundFX/sfx17.wav using Guid(e34ce5860456d0c4593b8d7d1107d255) Importer(815301076,1909f56bfc062723c751e8b465ee728b)  -> (artifact id: 'caba51ee9c7888dac39c20e25133f3e3') in 0.015592 seconds 
========================================================================
Received Import Request.
  Time since last request: 0.000285 seconds.
  path: Assets/Everloop/Sound/SoundFX/sfx09.wav
  artifactKey: Guid(f6c47b06ef409f142b191752b5b120c1) Importer(815301076,1909f56bfc062723c751e8b465ee728b)
Start importing Assets/Everloop/Sound/SoundFX/sfx09.wav using Guid(f6c47b06ef409f142b191752b5b120c1) Importer(815301076,1909f56bfc062723c751e8b465ee728b)  -> (artifact id: '0c5be0b0c0bad7e4d9fbe00b044784f3') in 0.015494 seconds 
========================================================================
Received Import Request.
  Time since last request: 0.000253 seconds.
  path: Assets/Everloop/Sound/SoundFX/sfx15.wav
  artifactKey: Guid(6a0dfde29176be642b4c52337b4c468a) Importer(815301076,1909f56bfc062723c751e8b465ee728b)
Start importing Assets/Everloop/Sound/SoundFX/sfx15.wav using Guid(6a0dfde29176be642b4c52337b4c468a) Importer(815301076,1909f56bfc062723c751e8b465ee728b)  -> (artifact id: '784d8b25bcc5a0d2e8e94cd14b61dc27') in 0.015991 seconds 
========================================================================
Received Import Request.
  Time since last request: 0.000284 seconds.
  path: Assets/Everloop/Sound/SoundFX/sfx03.wav
  artifactKey: Guid(5bf516a67a0e36d48a56e28f30e84f2f) Importer(815301076,1909f56bfc062723c751e8b465ee728b)
Start importing Assets/Everloop/Sound/SoundFX/sfx03.wav using Guid(5bf516a67a0e36d48a56e28f30e84f2f) Importer(815301076,1909f56bfc062723c751e8b465ee728b)  -> (artifact id: 'eaeb96fb55d2c10c8f05e6d51f8a0c9c') in 0.016315 seconds 
========================================================================
Received Import Request.
  Time since last request: 0.000318 seconds.
  path: Assets/Everloop/Sound/SoundFX/sfx05.wav
  artifactKey: Guid(f901fb14329805947b427a117fc2e07d) Importer(815301076,1909f56bfc062723c751e8b465ee728b)
Start importing Assets/Everloop/Sound/SoundFX/sfx05.wav using Guid(f901fb14329805947b427a117fc2e07d) Importer(815301076,1909f56bfc062723c751e8b465ee728b)  -> (artifact id: 'c98385a3fa7c86cd0a7d550a80e54709') in 0.015434 seconds 
========================================================================
Received Import Request.
  Time since last request: 0.000212 seconds.
  path: Assets/Everloop/Sound/SoundFX/sfx07.wav
  artifactKey: Guid(d172db342f80c7c4faad7409a05fa89e) Importer(815301076,1909f56bfc062723c751e8b465ee728b)
Start importing Assets/Everloop/Sound/SoundFX/sfx07.wav using Guid(d172db342f80c7c4faad7409a05fa89e) Importer(815301076,1909f56bfc062723c751e8b465ee728b)  -> (artifact id: 'a3721186c3557a6a5be300b2d98062c0') in 0.015135 seconds 
========================================================================
Received Import Request.
  Time since last request: 0.000229 seconds.
  path: Assets/Everloop/Sound/SoundFX/sfx11.wav
  artifactKey: Guid(1e61b3a3ece6275458f71994b1ab4998) Importer(815301076,1909f56bfc062723c751e8b465ee728b)
Start importing Assets/Everloop/Sound/SoundFX/sfx11.wav using Guid(1e61b3a3ece6275458f71994b1ab4998) Importer(815301076,1909f56bfc062723c751e8b465ee728b)  -> (artifact id: '77affcb30d32d3ecaee072f44040b172') in 0.016299 seconds 
========================================================================
Received Import Request.
  Time since last request: 0.000199 seconds.
  path: Assets/Everloop/Sound/SoundFX/sfx10.wav
  artifactKey: Guid(31d9362cbf3d26e4095186a6ac0c114d) Importer(815301076,1909f56bfc062723c751e8b465ee728b)
Start importing Assets/Everloop/Sound/SoundFX/sfx10.wav using Guid(31d9362cbf3d26e4095186a6ac0c114d) Importer(815301076,1909f56bfc062723c751e8b465ee728b)  -> (artifact id: '9e2ccb021c3a8d93422e3a52d4eda6a6') in 0.016998 seconds 
========================================================================
Received Import Request.
  Time since last request: 0.000323 seconds.
  path: Assets/Everloop/Sound/SoundFX/sfx02.wav
  artifactKey: Guid(732620374dbaa744093975cd1e932f04) Importer(815301076,1909f56bfc062723c751e8b465ee728b)
Start importing Assets/Everloop/Sound/SoundFX/sfx02.wav using Guid(732620374dbaa744093975cd1e932f04) Importer(815301076,1909f56bfc062723c751e8b465ee728b)  -> (artifact id: 'ef2b11e7800542f01feff99bf5309a71') in 0.016001 seconds 
========================================================================
Received Import Request.
  Time since last request: 0.000260 seconds.
  path: Assets/Everloop/Sound/SoundFX/sfx04.wav
  artifactKey: Guid(1d84aa266b8fa83448f0d4477938c941) Importer(815301076,1909f56bfc062723c751e8b465ee728b)
Start importing Assets/Everloop/Sound/SoundFX/sfx04.wav using Guid(1d84aa266b8fa83448f0d4477938c941) Importer(815301076,1909f56bfc062723c751e8b465ee728b)  -> (artifact id: '896ed67046f924b825b698db2a46b96a') in 0.018052 seconds 
========================================================================
Received Prepare
Registering precompiled user dll's ...
Registered in 0.005949 seconds.
Begin MonoManager ReloadAssembly
Native extension for WindowsStandalone target not found
Refreshing native plugins compatible for Editor in 1.79 ms, found 2 plugins.
Preloading 0 native plugins for Editor in 0.00 ms.
Mono: successfully reloaded assembly
- Completed reload, in  1.400 seconds
Domain Reload Profiling:
	ReloadAssembly (1400ms)
		BeginReloadAssembly (167ms)
			ExecutionOrderSort (0ms)
			DisableScriptedObjects (7ms)
			BackupInstance (0ms)
			ReleaseScriptingObjects (0ms)
			CreateAndSetChildDomain (50ms)
		EndReloadAssembly (1147ms)
			LoadAssemblies (136ms)
			RebuildTransferFunctionScriptingTraits (0ms)
			SetupTypeCache (396ms)
			ReleaseScriptCaches (1ms)
			RebuildScriptCaches (58ms)
			SetupLoadedEditorAssemblies (430ms)
				LogAssemblyErrors (0ms)
				InitializePlatformSupportModulesInManaged (7ms)
				SetLoadedEditorAssemblies (1ms)
				RefreshPlugins (2ms)
				BeforeProcessingInitializeOnLoad (118ms)
				ProcessInitializeOnLoadAttributes (278ms)
				ProcessInitializeOnLoadMethodAttributes (13ms)
				AfterProcessingInitializeOnLoad (12ms)
				EditorAssembliesLoaded (0ms)
			ExecutionOrderSort2 (0ms)
			AwakeInstancesAfterBackupRestoration (11ms)
Platform modules already initialized, skipping
Refreshing native plugins compatible for Editor in 2.39 ms, found 2 plugins.
Preloading 0 native plugins for Editor in 0.00 ms.
Unloading 1537 Unused Serialized files (Serialized files now loaded: 0)
System memory in use before: 88.9 MB.
System memory in use after: 82.3 MB.

Unloading 39 unused Assets to reduce memory usage. Loaded Objects now: 1972.
Total: 7.461000 ms (FindLiveObjects: 0.218500 ms CreateObjectMapping: 0.042700 ms MarkObjects: 3.425000 ms  DeleteObjects: 3.772800 ms)

AssetImportParameters requested are different than current active one (requested -> active):
  custom:framework-win-MediaFoundation: 216162199b28c13a410421893ffa2e32 -> 
  custom:video-decoder-ogg-theora: a1e56fd34408186e4bbccfd4996cb3dc -> 
  custom:container-muxer-webm: aa71ff27fc2769a1b78a27578f13a17b -> 
  custom:container-demuxer-webm: 4f35f7cbe854078d1ac9338744f61a02 -> 
  custom:container-demuxer-ogg: 62fdf1f143b41e24485cea50d1cbac27 -> 
  custom:video-encoder-webm-vp8: eb34c28f22e8b96e1ab97ce403110664 -> 
  custom:video-decoder-webm-vp8: 9c59270c3fd7afecdb556c50c9e8de78 -> 
  custom:audio-decoder-ogg-vorbis: bf7c407c2cedff20999df2af8eb42d56 -> 
  custom:audio-encoder-webm-vorbis: bf7c407c2cedff20999df2af8eb42d56 -> 
========================================================================
Received Import Request.
  Time since last request: 139.056643 seconds.
  path: Assets/Scenes/PreLoad.unity
  artifactKey: Guid(a97894c60eb996e489e2b9706f534500) Importer(815301076,1909f56bfc062723c751e8b465ee728b)
Start importing Assets/Scenes/PreLoad.unity using Guid(a97894c60eb996e489e2b9706f534500) Importer(815301076,1909f56bfc062723c751e8b465ee728b)  -> (artifact id: 'dbab889517f493317eee4a6ee8ff40a0') in 0.034916 seconds 
========================================================================
Received Prepare
Registering precompiled user dll's ...
Registered in 0.006894 seconds.
Begin MonoManager ReloadAssembly
Native extension for WindowsStandalone target not found
Refreshing native plugins compatible for Editor in 2.32 ms, found 2 plugins.
Preloading 0 native plugins for Editor in 0.00 ms.
Mono: successfully reloaded assembly
- Completed reload, in  1.492 seconds
Domain Reload Profiling:
	ReloadAssembly (1493ms)
		BeginReloadAssembly (182ms)
			ExecutionOrderSort (0ms)
			DisableScriptedObjects (8ms)
			BackupInstance (0ms)
			ReleaseScriptingObjects (0ms)
			CreateAndSetChildDomain (47ms)
		EndReloadAssembly (1210ms)
			LoadAssemblies (165ms)
			RebuildTransferFunctionScriptingTraits (0ms)
			SetupTypeCache (415ms)
			ReleaseScriptCaches (1ms)
			RebuildScriptCaches (54ms)
			SetupLoadedEditorAssemblies (446ms)
				LogAssemblyErrors (0ms)
				InitializePlatformSupportModulesInManaged (8ms)
				SetLoadedEditorAssemblies (1ms)
				RefreshPlugins (2ms)
				BeforeProcessingInitializeOnLoad (121ms)
				ProcessInitializeOnLoadAttributes (284ms)
				ProcessInitializeOnLoadMethodAttributes (18ms)
				AfterProcessingInitializeOnLoad (11ms)
				EditorAssembliesLoaded (1ms)
			ExecutionOrderSort2 (0ms)
			AwakeInstancesAfterBackupRestoration (11ms)
Platform modules already initialized, skipping
Refreshing native plugins compatible for Editor in 7.78 ms, found 2 plugins.
Preloading 0 native plugins for Editor in 0.00 ms.
Unloading 1537 Unused Serialized files (Serialized files now loaded: 0)
System memory in use before: 88.9 MB.
System memory in use after: 82.3 MB.

Unloading 29 unused Assets to reduce memory usage. Loaded Objects now: 1974.
Total: 27.036700 ms (FindLiveObjects: 0.425100 ms CreateObjectMapping: 0.198800 ms MarkObjects: 14.588000 ms  DeleteObjects: 11.821500 ms)

AssetImportParameters requested are different than current active one (requested -> active):
  custom:framework-win-MediaFoundation: 216162199b28c13a410421893ffa2e32 -> 
  custom:video-decoder-ogg-theora: a1e56fd34408186e4bbccfd4996cb3dc -> 
  custom:container-muxer-webm: aa71ff27fc2769a1b78a27578f13a17b -> 
  custom:container-demuxer-webm: 4f35f7cbe854078d1ac9338744f61a02 -> 
  custom:container-demuxer-ogg: 62fdf1f143b41e24485cea50d1cbac27 -> 
  custom:video-encoder-webm-vp8: eb34c28f22e8b96e1ab97ce403110664 -> 
  custom:video-decoder-webm-vp8: 9c59270c3fd7afecdb556c50c9e8de78 -> 
  custom:audio-decoder-ogg-vorbis: bf7c407c2cedff20999df2af8eb42d56 -> 
  custom:audio-encoder-webm-vorbis: bf7c407c2cedff20999df2af8eb42d56 -> 
========================================================================
Received Import Request.
  Time since last request: 19.208734 seconds.
  path: Assets/Scenes/Nivel1.unity
  artifactKey: Guid(9fc0d4010bbf28b4594072e72b8655ab) Importer(815301076,1909f56bfc062723c751e8b465ee728b)
Start importing Assets/Scenes/Nivel1.unity using Guid(9fc0d4010bbf28b4594072e72b8655ab) Importer(815301076,1909f56bfc062723c751e8b465ee728b)  -> (artifact id: '6426c2919a1f2202d364a376395f35c4') in 0.027110 seconds 
========================================================================
Received Import Request.
  Time since last request: 4.920312 seconds.
  path: Assets/Scenes/Nivel2.unity
  artifactKey: Guid(ac77dea3c49327a4f87094a9eab09108) Importer(815301076,1909f56bfc062723c751e8b465ee728b)
Start importing Assets/Scenes/Nivel2.unity using Guid(ac77dea3c49327a4f87094a9eab09108) Importer(815301076,1909f56bfc062723c751e8b465ee728b)  -> (artifact id: 'fac117bb17293ad69ee42fe5193a458c') in 0.016069 seconds 
========================================================================
Received Import Request.
  Time since last request: 2.682075 seconds.
  path: Assets/Scenes/Nivel3.unity
  artifactKey: Guid(230d42650d3a5434a995367011219dd4) Importer(815301076,1909f56bfc062723c751e8b465ee728b)
Start importing Assets/Scenes/Nivel3.unity using Guid(230d42650d3a5434a995367011219dd4) Importer(815301076,1909f56bfc062723c751e8b465ee728b)  -> (artifact id: '04f13042a1e27716d0dd28ada73c7807') in 0.012448 seconds 
========================================================================
Received Import Request.
  Time since last request: 1.136682 seconds.
  path: Assets/Scenes/Nivel4.unity
  artifactKey: Guid(3d6dafae31127414d863f032f8757fe5) Importer(815301076,1909f56bfc062723c751e8b465ee728b)
Start importing Assets/Scenes/Nivel4.unity using Guid(3d6dafae31127414d863f032f8757fe5) Importer(815301076,1909f56bfc062723c751e8b465ee728b)  -> (artifact id: 'c7cb54f804937ac497c1ed466c0dd4dd') in 0.010939 seconds 
AssetImportWorkerClient::OnTransportError - code=2 error=End of file
